[2023-10-26T06:50:52.104+0000] {taskinstance.py:1157} INFO - Dependencies all met for dep_context=non-requeueable deps ti=<TaskInstance: etl_dag.load_data manual__2023-10-26T06:45:35.715961+00:00 [queued]>
[2023-10-26T06:50:52.120+0000] {taskinstance.py:1157} INFO - Dependencies all met for dep_context=requeueable deps ti=<TaskInstance: etl_dag.load_data manual__2023-10-26T06:45:35.715961+00:00 [queued]>
[2023-10-26T06:50:52.121+0000] {taskinstance.py:1359} INFO - Starting attempt 2 of 3
[2023-10-26T06:50:52.143+0000] {taskinstance.py:1380} INFO - Executing <Task(PythonOperator): load_data> on 2023-10-26 06:45:35.715961+00:00
[2023-10-26T06:50:52.153+0000] {standard_task_runner.py:57} INFO - Started process 2970 to run task
[2023-10-26T06:50:52.157+0000] {standard_task_runner.py:84} INFO - Running: ['***', 'tasks', 'run', 'etl_dag', 'load_data', 'manual__2023-10-26T06:45:35.715961+00:00', '--job-id', '412', '--raw', '--subdir', 'DAGS_FOLDER/tugaskel8_dag.py', '--cfg-path', '/tmp/tmp47u6pvqv']
[2023-10-26T06:50:52.162+0000] {standard_task_runner.py:85} INFO - Job 412: Subtask load_data
[2023-10-26T06:50:52.234+0000] {task_command.py:415} INFO - Running <TaskInstance: etl_dag.load_data manual__2023-10-26T06:45:35.715961+00:00 [running]> on host d73c1ff20372
[2023-10-26T06:50:52.541+0000] {taskinstance.py:1660} INFO - Exporting env vars: AIRFLOW_CTX_DAG_OWNER='kel8' AIRFLOW_CTX_DAG_ID='etl_dag' AIRFLOW_CTX_TASK_ID='load_data' AIRFLOW_CTX_EXECUTION_DATE='2023-10-26T06:45:35.715961+00:00' AIRFLOW_CTX_TRY_NUMBER='2' AIRFLOW_CTX_DAG_RUN_ID='manual__2023-10-26T06:45:35.715961+00:00'
[2023-10-26T06:50:52.671+0000] {warnings.py:109} WARNING - /opt/***/dags/tugaskel8_dag.py:61: UserWarning: pandas only supports SQLAlchemy connectable (engine/connection) or database string URI or sqlite3 DBAPI2 connection. Other DBAPI2 objects are not tested. Please consider using SQLAlchemy.
  final_df.to_sql('tes_table', con=hook, index=False, if_exists='replace',dtype={"parameters": sqlalchemy.types.JSON,"coordinates" :sqlalchemy.types.JSON,"bounds" : sqlalchemy.types.JSON,"manufacturers":sqlalchemy.types.JSON  })

[2023-10-26T06:50:52.673+0000] {taskinstance.py:1935} ERROR - Task failed with exception
Traceback (most recent call last):
  File "/home/airflow/.local/lib/python3.8/site-packages/airflow/operators/python.py", line 192, in execute
    return_value = self.execute_callable()
  File "/home/airflow/.local/lib/python3.8/site-packages/airflow/operators/python.py", line 209, in execute_callable
    return self.python_callable(*self.op_args, **self.op_kwargs)
  File "/opt/airflow/dags/tugaskel8_dag.py", line 61, in load_data
    final_df.to_sql('tes_table', con=hook, index=False, if_exists='replace',dtype={"parameters": sqlalchemy.types.JSON,"coordinates" :sqlalchemy.types.JSON,"bounds" : sqlalchemy.types.JSON,"manufacturers":sqlalchemy.types.JSON  })
  File "/home/airflow/.local/lib/python3.8/site-packages/pandas/core/generic.py", line 2878, in to_sql
    return sql.to_sql(
  File "/home/airflow/.local/lib/python3.8/site-packages/pandas/io/sql.py", line 769, in to_sql
    return pandas_sql.to_sql(
  File "/home/airflow/.local/lib/python3.8/site-packages/pandas/io/sql.py", line 2367, in to_sql
    raise ValueError(f"{col} ({my_type}) not a string")
ValueError: parameters (<class 'sqlalchemy.sql.sqltypes.JSON'>) not a string
[2023-10-26T06:50:52.694+0000] {taskinstance.py:1398} INFO - Marking task as UP_FOR_RETRY. dag_id=etl_dag, task_id=load_data, execution_date=20231026T064535, start_date=20231026T065052, end_date=20231026T065052
[2023-10-26T06:50:52.715+0000] {standard_task_runner.py:104} ERROR - Failed to execute job 412 for task load_data (parameters (<class 'sqlalchemy.sql.sqltypes.JSON'>) not a string; 2970)
[2023-10-26T06:50:52.773+0000] {local_task_job_runner.py:228} INFO - Task exited with return code 1
[2023-10-26T06:50:52.792+0000] {taskinstance.py:2776} INFO - 0 downstream tasks scheduled from follow-on schedule check
