[2023-10-24T14:52:40.042+0000] {processor.py:157} INFO - Started process (PID=48) to work on /home/airflow/.local/lib/python3.8/site-packages/airflow/example_dags/example_branch_labels.py
[2023-10-24T14:52:40.044+0000] {processor.py:829} INFO - Processing file /home/airflow/.local/lib/python3.8/site-packages/airflow/example_dags/example_branch_labels.py for tasks to queue
[2023-10-24T14:52:40.052+0000] {logging_mixin.py:151} INFO - [2023-10-24T14:52:40.051+0000] {dagbag.py:539} INFO - Filling up the DagBag from /home/airflow/.local/lib/python3.8/site-packages/airflow/example_dags/example_branch_labels.py
[2023-10-24T14:52:40.094+0000] {processor.py:839} INFO - DAG(s) dict_keys(['example_branch_labels']) retrieved from /home/airflow/.local/lib/python3.8/site-packages/airflow/example_dags/example_branch_labels.py
[2023-10-24T14:52:40.256+0000] {logging_mixin.py:151} INFO - [2023-10-24T14:52:40.255+0000] {dag.py:2915} INFO - Sync 1 DAGs
[2023-10-24T14:52:40.487+0000] {logging_mixin.py:151} INFO - [2023-10-24T14:52:40.486+0000] {dag.py:3696} INFO - Setting next_dagrun for example_branch_labels to 2023-10-23T00:00:00+00:00, run_after=2023-10-24T00:00:00+00:00
[2023-10-24T14:52:40.569+0000] {processor.py:179} INFO - Processing /home/airflow/.local/lib/python3.8/site-packages/airflow/example_dags/example_branch_labels.py took 0.535 seconds
[2023-10-24T14:53:12.840+0000] {processor.py:157} INFO - Started process (PID=103) to work on /home/airflow/.local/lib/python3.8/site-packages/airflow/example_dags/example_branch_labels.py
[2023-10-24T14:53:12.845+0000] {processor.py:829} INFO - Processing file /home/airflow/.local/lib/python3.8/site-packages/airflow/example_dags/example_branch_labels.py for tasks to queue
[2023-10-24T14:53:12.852+0000] {logging_mixin.py:151} INFO - [2023-10-24T14:53:12.851+0000] {dagbag.py:539} INFO - Filling up the DagBag from /home/airflow/.local/lib/python3.8/site-packages/airflow/example_dags/example_branch_labels.py
[2023-10-24T14:53:12.893+0000] {processor.py:839} INFO - DAG(s) dict_keys(['example_branch_labels']) retrieved from /home/airflow/.local/lib/python3.8/site-packages/airflow/example_dags/example_branch_labels.py
[2023-10-24T14:53:12.985+0000] {logging_mixin.py:151} INFO - [2023-10-24T14:53:12.984+0000] {dag.py:2915} INFO - Sync 1 DAGs
[2023-10-24T14:53:13.114+0000] {logging_mixin.py:151} INFO - [2023-10-24T14:53:13.113+0000] {dag.py:3696} INFO - Setting next_dagrun for example_branch_labels to 2023-10-23T00:00:00+00:00, run_after=2023-10-24T00:00:00+00:00
[2023-10-24T14:53:13.222+0000] {processor.py:179} INFO - Processing /home/airflow/.local/lib/python3.8/site-packages/airflow/example_dags/example_branch_labels.py took 0.400 seconds
[2023-10-24T14:53:43.853+0000] {processor.py:157} INFO - Started process (PID=157) to work on /home/airflow/.local/lib/python3.8/site-packages/airflow/example_dags/example_branch_labels.py
[2023-10-24T14:53:43.858+0000] {processor.py:829} INFO - Processing file /home/airflow/.local/lib/python3.8/site-packages/airflow/example_dags/example_branch_labels.py for tasks to queue
[2023-10-24T14:53:43.864+0000] {logging_mixin.py:151} INFO - [2023-10-24T14:53:43.863+0000] {dagbag.py:539} INFO - Filling up the DagBag from /home/airflow/.local/lib/python3.8/site-packages/airflow/example_dags/example_branch_labels.py
[2023-10-24T14:53:43.894+0000] {processor.py:839} INFO - DAG(s) dict_keys(['example_branch_labels']) retrieved from /home/airflow/.local/lib/python3.8/site-packages/airflow/example_dags/example_branch_labels.py
[2023-10-24T14:53:43.959+0000] {logging_mixin.py:151} INFO - [2023-10-24T14:53:43.958+0000] {dag.py:2915} INFO - Sync 1 DAGs
[2023-10-24T14:53:44.014+0000] {logging_mixin.py:151} INFO - [2023-10-24T14:53:44.014+0000] {dag.py:3696} INFO - Setting next_dagrun for example_branch_labels to 2023-10-23T00:00:00+00:00, run_after=2023-10-24T00:00:00+00:00
[2023-10-24T14:53:44.079+0000] {processor.py:179} INFO - Processing /home/airflow/.local/lib/python3.8/site-packages/airflow/example_dags/example_branch_labels.py took 0.235 seconds
[2023-10-24T14:54:14.481+0000] {processor.py:157} INFO - Started process (PID=209) to work on /home/airflow/.local/lib/python3.8/site-packages/airflow/example_dags/example_branch_labels.py
[2023-10-24T14:54:14.491+0000] {processor.py:829} INFO - Processing file /home/airflow/.local/lib/python3.8/site-packages/airflow/example_dags/example_branch_labels.py for tasks to queue
[2023-10-24T14:54:14.497+0000] {logging_mixin.py:151} INFO - [2023-10-24T14:54:14.497+0000] {dagbag.py:539} INFO - Filling up the DagBag from /home/airflow/.local/lib/python3.8/site-packages/airflow/example_dags/example_branch_labels.py
[2023-10-24T14:54:14.514+0000] {processor.py:839} INFO - DAG(s) dict_keys(['example_branch_labels']) retrieved from /home/airflow/.local/lib/python3.8/site-packages/airflow/example_dags/example_branch_labels.py
[2023-10-24T14:54:14.561+0000] {logging_mixin.py:151} INFO - [2023-10-24T14:54:14.561+0000] {dag.py:2915} INFO - Sync 1 DAGs
[2023-10-24T14:54:14.627+0000] {logging_mixin.py:151} INFO - [2023-10-24T14:54:14.626+0000] {dag.py:3696} INFO - Setting next_dagrun for example_branch_labels to 2023-10-23T00:00:00+00:00, run_after=2023-10-24T00:00:00+00:00
[2023-10-24T14:54:14.699+0000] {processor.py:179} INFO - Processing /home/airflow/.local/lib/python3.8/site-packages/airflow/example_dags/example_branch_labels.py took 0.226 seconds
[2023-10-24T14:54:45.457+0000] {processor.py:157} INFO - Started process (PID=263) to work on /home/airflow/.local/lib/python3.8/site-packages/airflow/example_dags/example_branch_labels.py
[2023-10-24T14:54:45.459+0000] {processor.py:829} INFO - Processing file /home/airflow/.local/lib/python3.8/site-packages/airflow/example_dags/example_branch_labels.py for tasks to queue
[2023-10-24T14:54:45.463+0000] {logging_mixin.py:151} INFO - [2023-10-24T14:54:45.462+0000] {dagbag.py:539} INFO - Filling up the DagBag from /home/airflow/.local/lib/python3.8/site-packages/airflow/example_dags/example_branch_labels.py
[2023-10-24T14:54:45.481+0000] {processor.py:839} INFO - DAG(s) dict_keys(['example_branch_labels']) retrieved from /home/airflow/.local/lib/python3.8/site-packages/airflow/example_dags/example_branch_labels.py
[2023-10-24T14:54:45.526+0000] {logging_mixin.py:151} INFO - [2023-10-24T14:54:45.525+0000] {dag.py:2915} INFO - Sync 1 DAGs
[2023-10-24T14:54:45.573+0000] {logging_mixin.py:151} INFO - [2023-10-24T14:54:45.572+0000] {dag.py:3696} INFO - Setting next_dagrun for example_branch_labels to 2023-10-23T00:00:00+00:00, run_after=2023-10-24T00:00:00+00:00
[2023-10-24T14:54:45.612+0000] {processor.py:179} INFO - Processing /home/airflow/.local/lib/python3.8/site-packages/airflow/example_dags/example_branch_labels.py took 0.160 seconds
[2023-10-24T14:55:16.189+0000] {processor.py:157} INFO - Started process (PID=317) to work on /home/airflow/.local/lib/python3.8/site-packages/airflow/example_dags/example_branch_labels.py
[2023-10-24T14:55:16.194+0000] {processor.py:829} INFO - Processing file /home/airflow/.local/lib/python3.8/site-packages/airflow/example_dags/example_branch_labels.py for tasks to queue
[2023-10-24T14:55:16.198+0000] {logging_mixin.py:151} INFO - [2023-10-24T14:55:16.197+0000] {dagbag.py:539} INFO - Filling up the DagBag from /home/airflow/.local/lib/python3.8/site-packages/airflow/example_dags/example_branch_labels.py
[2023-10-24T14:55:16.225+0000] {processor.py:839} INFO - DAG(s) dict_keys(['example_branch_labels']) retrieved from /home/airflow/.local/lib/python3.8/site-packages/airflow/example_dags/example_branch_labels.py
[2023-10-24T14:55:16.294+0000] {logging_mixin.py:151} INFO - [2023-10-24T14:55:16.293+0000] {dag.py:2915} INFO - Sync 1 DAGs
[2023-10-24T14:55:16.472+0000] {logging_mixin.py:151} INFO - [2023-10-24T14:55:16.470+0000] {dag.py:3696} INFO - Setting next_dagrun for example_branch_labels to 2023-10-23T00:00:00+00:00, run_after=2023-10-24T00:00:00+00:00
[2023-10-24T14:55:16.608+0000] {processor.py:179} INFO - Processing /home/airflow/.local/lib/python3.8/site-packages/airflow/example_dags/example_branch_labels.py took 0.430 seconds
