[2023-10-26T04:51:27.779+0000] {taskinstance.py:1157} INFO - Dependencies all met for dep_context=non-requeueable deps ti=<TaskInstance: etl_dag.create_air_pollution_table manual__2023-10-26T04:47:36.005685+00:00 [queued]>
[2023-10-26T04:51:27.850+0000] {taskinstance.py:1157} INFO - Dependencies all met for dep_context=requeueable deps ti=<TaskInstance: etl_dag.create_air_pollution_table manual__2023-10-26T04:47:36.005685+00:00 [queued]>
[2023-10-26T04:51:27.852+0000] {taskinstance.py:1359} INFO - Starting attempt 1 of 3
[2023-10-26T04:51:27.911+0000] {taskinstance.py:1380} INFO - Executing <Task(PostgresOperator): create_air_pollution_table> on 2023-10-26 04:47:36.005685+00:00
[2023-10-26T04:51:27.929+0000] {standard_task_runner.py:57} INFO - Started process 1766 to run task
[2023-10-26T04:51:27.939+0000] {standard_task_runner.py:84} INFO - Running: ['***', 'tasks', 'run', 'etl_dag', 'create_air_pollution_table', 'manual__2023-10-26T04:47:36.005685+00:00', '--job-id', '248', '--raw', '--subdir', 'DAGS_FOLDER/tugaskel8_dag.py', '--cfg-path', '/tmp/tmp_3yhdl7x']
[2023-10-26T04:51:27.947+0000] {standard_task_runner.py:85} INFO - Job 248: Subtask create_air_pollution_table
[2023-10-26T04:51:28.064+0000] {task_command.py:415} INFO - Running <TaskInstance: etl_dag.create_air_pollution_table manual__2023-10-26T04:47:36.005685+00:00 [running]> on host d73c1ff20372
[2023-10-26T04:51:43.838+0000] {taskinstance.py:1660} INFO - Exporting env vars: AIRFLOW_CTX_DAG_OWNER='kel8' AIRFLOW_CTX_DAG_ID='etl_dag' AIRFLOW_CTX_TASK_ID='create_air_pollution_table' AIRFLOW_CTX_EXECUTION_DATE='2023-10-26T04:47:36.005685+00:00' AIRFLOW_CTX_TRY_NUMBER='1' AIRFLOW_CTX_DAG_RUN_ID='manual__2023-10-26T04:47:36.005685+00:00'
[2023-10-26T04:51:43.850+0000] {sql.py:274} INFO - Executing: 
        CREATE TABLE IF NOT EXISTS public.hands_on_final (
            id INTEGER NOT NULL,
            city VARCHAR(100) NOT NULL,
            name VARCHAR(100) NOT NULL,
            entity VARCHAR(100) NULL,
            country VARCHAR(100) NOT NULL,
            sources VARCHAR(100) NULL,
            isMobile BOOLEAN NOT NULL,
            isAnalysis BOOLEAN NOT NULL,
            parameters JSONB NOT NULL,
            sensorType VARCHAR(100) NULL,
            coordinates JSONB NOT NULL,
            firstUpdated VARCHAR(100) NOT NULL,
            lastUpdated VARCHAR(100) NOT NULL,
            measurements INTEGER NOT NULL,
            bounds JSONB NOT NULL,
            manufacturers JSONB NOT NULL
        );
    
[2023-10-26T04:51:44.645+0000] {base.py:73} INFO - Using connection ID 'db_polusiudara' for task execution.
[2023-10-26T04:51:44.796+0000] {base.py:73} INFO - Using connection ID 'db_polusiudara' for task execution.
[2023-10-26T04:51:54.910+0000] {taskinstance.py:1935} ERROR - Task failed with exception
Traceback (most recent call last):
  File "/home/airflow/.local/lib/python3.8/site-packages/airflow/providers/common/sql/operators/sql.py", line 280, in execute
    output = hook.run(
  File "/home/airflow/.local/lib/python3.8/site-packages/airflow/providers/common/sql/hooks/sql.py", line 385, in run
    with closing(self.get_conn()) as conn:
  File "/home/airflow/.local/lib/python3.8/site-packages/airflow/providers/postgres/hooks/postgres.py", line 154, in get_conn
    self.conn = psycopg2.connect(**conn_args)
  File "/home/airflow/.local/lib/python3.8/site-packages/psycopg2/__init__.py", line 122, in connect
    conn = _connect(dsn, connection_factory=connection_factory, **kwasync)
psycopg2.OperationalError: could not translate host name "ep-rough-sun-65050822.ap-southeast-1.aws.neon.tech" to address: Temporary failure in name resolution

[2023-10-26T04:51:55.925+0000] {taskinstance.py:1398} INFO - Marking task as UP_FOR_RETRY. dag_id=etl_dag, task_id=create_air_pollution_table, execution_date=20231026T044736, start_date=20231026T045127, end_date=20231026T045155
[2023-10-26T04:51:56.041+0000] {standard_task_runner.py:104} ERROR - Failed to execute job 248 for task create_air_pollution_table (could not translate host name "ep-rough-sun-65050822.ap-southeast-1.aws.neon.tech" to address: Temporary failure in name resolution
; 1766)
[2023-10-26T04:51:56.136+0000] {local_task_job_runner.py:228} INFO - Task exited with return code 1
[2023-10-26T04:52:00.545+0000] {taskinstance.py:2776} INFO - 0 downstream tasks scheduled from follow-on schedule check
