[2023-10-24T17:10:22.482+0000] {taskinstance.py:1157} INFO - Dependencies all met for dep_context=non-requeueable deps ti=<TaskInstance: etl_dag.transform_data manual__2023-10-24T17:05:01.022003+00:00 [queued]>
[2023-10-24T17:10:22.497+0000] {taskinstance.py:1157} INFO - Dependencies all met for dep_context=requeueable deps ti=<TaskInstance: etl_dag.transform_data manual__2023-10-24T17:05:01.022003+00:00 [queued]>
[2023-10-24T17:10:22.498+0000] {taskinstance.py:1359} INFO - Starting attempt 2 of 3
[2023-10-24T17:10:22.518+0000] {taskinstance.py:1380} INFO - Executing <Task(PythonOperator): transform_data> on 2023-10-24 17:05:01.022003+00:00
[2023-10-24T17:10:22.530+0000] {standard_task_runner.py:57} INFO - Started process 263 to run task
[2023-10-24T17:10:22.533+0000] {standard_task_runner.py:84} INFO - Running: ['***', 'tasks', 'run', 'etl_dag', 'transform_data', 'manual__2023-10-24T17:05:01.022003+00:00', '--job-id', '128', '--raw', '--subdir', 'DAGS_FOLDER/tugaskel8_dag.py', '--cfg-path', '/tmp/tmpq2x2cku4']
[2023-10-24T17:10:22.536+0000] {standard_task_runner.py:85} INFO - Job 128: Subtask transform_data
[2023-10-24T17:10:22.598+0000] {task_command.py:415} INFO - Running <TaskInstance: etl_dag.transform_data manual__2023-10-24T17:05:01.022003+00:00 [running]> on host d73c1ff20372
[2023-10-24T17:10:22.912+0000] {taskinstance.py:1660} INFO - Exporting env vars: AIRFLOW_CTX_DAG_OWNER='kel8' AIRFLOW_CTX_DAG_ID='etl_dag' AIRFLOW_CTX_TASK_ID='transform_data' AIRFLOW_CTX_EXECUTION_DATE='2023-10-24T17:05:01.022003+00:00' AIRFLOW_CTX_TRY_NUMBER='2' AIRFLOW_CTX_DAG_RUN_ID='manual__2023-10-24T17:05:01.022003+00:00'
[2023-10-24T17:10:22.926+0000] {taskinstance.py:1935} ERROR - Task failed with exception
Traceback (most recent call last):
  File "/home/airflow/.local/lib/python3.8/site-packages/airflow/operators/python.py", line 192, in execute
    return_value = self.execute_callable()
  File "/home/airflow/.local/lib/python3.8/site-packages/airflow/operators/python.py", line 209, in execute_callable
    return self.python_callable(*self.op_args, **self.op_kwargs)
  File "/opt/airflow/dags/tugaskel8_dag.py", line 34, in transform_data
    results = tes_data['results']
KeyError: 'results'
[2023-10-24T17:10:22.946+0000] {taskinstance.py:1398} INFO - Marking task as UP_FOR_RETRY. dag_id=etl_dag, task_id=transform_data, execution_date=20231024T170501, start_date=20231024T171022, end_date=20231024T171022
[2023-10-24T17:10:22.963+0000] {standard_task_runner.py:104} ERROR - Failed to execute job 128 for task transform_data ('results'; 263)
[2023-10-24T17:10:22.988+0000] {local_task_job_runner.py:228} INFO - Task exited with return code 1
[2023-10-24T17:10:23.032+0000] {taskinstance.py:2776} INFO - 0 downstream tasks scheduled from follow-on schedule check
