[2023-10-26T06:55:12.832+0000] {taskinstance.py:1157} INFO - Dependencies all met for dep_context=non-requeueable deps ti=<TaskInstance: etl_dag.load_data manual__2023-10-26T06:55:00.329597+00:00 [queued]>
[2023-10-26T06:55:12.849+0000] {taskinstance.py:1157} INFO - Dependencies all met for dep_context=requeueable deps ti=<TaskInstance: etl_dag.load_data manual__2023-10-26T06:55:00.329597+00:00 [queued]>
[2023-10-26T06:55:12.850+0000] {taskinstance.py:1359} INFO - Starting attempt 1 of 3
[2023-10-26T06:55:12.869+0000] {taskinstance.py:1380} INFO - Executing <Task(PythonOperator): load_data> on 2023-10-26 06:55:00.329597+00:00
[2023-10-26T06:55:12.879+0000] {standard_task_runner.py:57} INFO - Started process 3137 to run task
[2023-10-26T06:55:12.884+0000] {standard_task_runner.py:84} INFO - Running: ['***', 'tasks', 'run', 'etl_dag', 'load_data', 'manual__2023-10-26T06:55:00.329597+00:00', '--job-id', '423', '--raw', '--subdir', 'DAGS_FOLDER/tugaskel8_dag.py', '--cfg-path', '/tmp/tmpomvyotaf']
[2023-10-26T06:55:12.888+0000] {standard_task_runner.py:85} INFO - Job 423: Subtask load_data
[2023-10-26T06:55:12.954+0000] {task_command.py:415} INFO - Running <TaskInstance: etl_dag.load_data manual__2023-10-26T06:55:00.329597+00:00 [running]> on host d73c1ff20372
[2023-10-26T06:55:13.257+0000] {taskinstance.py:1660} INFO - Exporting env vars: AIRFLOW_CTX_DAG_OWNER='kel8' AIRFLOW_CTX_DAG_ID='etl_dag' AIRFLOW_CTX_TASK_ID='load_data' AIRFLOW_CTX_EXECUTION_DATE='2023-10-26T06:55:00.329597+00:00' AIRFLOW_CTX_TRY_NUMBER='1' AIRFLOW_CTX_DAG_RUN_ID='manual__2023-10-26T06:55:00.329597+00:00'
[2023-10-26T06:55:13.407+0000] {warnings.py:109} WARNING - /opt/***/dags/tugaskel8_dag.py:47: UserWarning: pandas only supports SQLAlchemy connectable (engine/connection) or database string URI or sqlite3 DBAPI2 connection. Other DBAPI2 objects are not tested. Please consider using SQLAlchemy.
  final_df.to_sql('tes_table', con=hook, index=False, if_exists='replace')

[2023-10-26T06:55:13.410+0000] {taskinstance.py:1935} ERROR - Task failed with exception
Traceback (most recent call last):
  File "/home/airflow/.local/lib/python3.8/site-packages/airflow/operators/python.py", line 192, in execute
    return_value = self.execute_callable()
  File "/home/airflow/.local/lib/python3.8/site-packages/airflow/operators/python.py", line 209, in execute_callable
    return self.python_callable(*self.op_args, **self.op_kwargs)
  File "/opt/airflow/dags/tugaskel8_dag.py", line 47, in load_data
    final_df.to_sql('tes_table', con=hook, index=False, if_exists='replace')
  File "/home/airflow/.local/lib/python3.8/site-packages/pandas/core/generic.py", line 2878, in to_sql
    return sql.to_sql(
  File "/home/airflow/.local/lib/python3.8/site-packages/pandas/io/sql.py", line 769, in to_sql
    return pandas_sql.to_sql(
  File "/home/airflow/.local/lib/python3.8/site-packages/pandas/io/sql.py", line 2378, in to_sql
    table.create()
  File "/home/airflow/.local/lib/python3.8/site-packages/pandas/io/sql.py", line 903, in create
    if self.exists():
  File "/home/airflow/.local/lib/python3.8/site-packages/pandas/io/sql.py", line 889, in exists
    return self.pd_sql.has_table(self.name, self.schema)
  File "/home/airflow/.local/lib/python3.8/site-packages/pandas/io/sql.py", line 2385, in has_table
    return len(self.execute(query, [name]).fetchall()) > 0
  File "/home/airflow/.local/lib/python3.8/site-packages/pandas/io/sql.py", line 2200, in execute
    cur = self.con.cursor()
AttributeError: 'PostgresHook' object has no attribute 'cursor'
[2023-10-26T06:55:13.433+0000] {taskinstance.py:1398} INFO - Marking task as UP_FOR_RETRY. dag_id=etl_dag, task_id=load_data, execution_date=20231026T065500, start_date=20231026T065512, end_date=20231026T065513
[2023-10-26T06:55:13.456+0000] {standard_task_runner.py:104} ERROR - Failed to execute job 423 for task load_data ('PostgresHook' object has no attribute 'cursor'; 3137)
[2023-10-26T06:55:13.502+0000] {local_task_job_runner.py:228} INFO - Task exited with return code 1
[2023-10-26T06:55:13.524+0000] {taskinstance.py:2776} INFO - 0 downstream tasks scheduled from follow-on schedule check
