[2023-10-26T04:47:43.429+0000] {taskinstance.py:1157} INFO - Dependencies all met for dep_context=non-requeueable deps ti=<TaskInstance: etl_dag.load_data manual__2023-10-26T04:47:36.005685+00:00 [queued]>
[2023-10-26T04:47:43.448+0000] {taskinstance.py:1157} INFO - Dependencies all met for dep_context=requeueable deps ti=<TaskInstance: etl_dag.load_data manual__2023-10-26T04:47:36.005685+00:00 [queued]>
[2023-10-26T04:47:43.449+0000] {taskinstance.py:1359} INFO - Starting attempt 1 of 3
[2023-10-26T04:47:43.467+0000] {taskinstance.py:1380} INFO - Executing <Task(PythonOperator): load_data> on 2023-10-26 04:47:36.005685+00:00
[2023-10-26T04:47:43.479+0000] {standard_task_runner.py:57} INFO - Started process 1590 to run task
[2023-10-26T04:47:43.483+0000] {standard_task_runner.py:84} INFO - Running: ['***', 'tasks', 'run', 'etl_dag', 'load_data', 'manual__2023-10-26T04:47:36.005685+00:00', '--job-id', '237', '--raw', '--subdir', 'DAGS_FOLDER/tugaskel8_dag.py', '--cfg-path', '/tmp/tmp_4h0mgrm']
[2023-10-26T04:47:43.491+0000] {standard_task_runner.py:85} INFO - Job 237: Subtask load_data
[2023-10-26T04:47:43.553+0000] {task_command.py:415} INFO - Running <TaskInstance: etl_dag.load_data manual__2023-10-26T04:47:36.005685+00:00 [running]> on host d73c1ff20372
[2023-10-26T04:47:43.869+0000] {taskinstance.py:1660} INFO - Exporting env vars: AIRFLOW_CTX_DAG_OWNER='kel8' AIRFLOW_CTX_DAG_ID='etl_dag' AIRFLOW_CTX_TASK_ID='load_data' AIRFLOW_CTX_EXECUTION_DATE='2023-10-26T04:47:36.005685+00:00' AIRFLOW_CTX_TRY_NUMBER='1' AIRFLOW_CTX_DAG_RUN_ID='manual__2023-10-26T04:47:36.005685+00:00'
[2023-10-26T04:47:44.140+0000] {taskinstance.py:1935} ERROR - Task failed with exception
Traceback (most recent call last):
  File "/home/airflow/.local/lib/python3.8/site-packages/airflow/operators/python.py", line 192, in execute
    return_value = self.execute_callable()
  File "/home/airflow/.local/lib/python3.8/site-packages/airflow/operators/python.py", line 209, in execute_callable
    return self.python_callable(*self.op_args, **self.op_kwargs)
  File "/opt/airflow/dags/tugaskel8_dag.py", line 45, in load_data
    final_df['coordinates'] = final_df['coordinates'].apply(lambda x: json.loads(x))
  File "/home/airflow/.local/lib/python3.8/site-packages/pandas/core/series.py", line 4630, in apply
    return SeriesApply(self, func, convert_dtype, args, kwargs).apply()
  File "/home/airflow/.local/lib/python3.8/site-packages/pandas/core/apply.py", line 1025, in apply
    return self.apply_standard()
  File "/home/airflow/.local/lib/python3.8/site-packages/pandas/core/apply.py", line 1076, in apply_standard
    mapped = lib.map_infer(
  File "pandas/_libs/lib.pyx", line 2834, in pandas._libs.lib.map_infer
  File "/opt/airflow/dags/tugaskel8_dag.py", line 45, in <lambda>
    final_df['coordinates'] = final_df['coordinates'].apply(lambda x: json.loads(x))
  File "/usr/local/lib/python3.8/json/__init__.py", line 341, in loads
    raise TypeError(f'the JSON object must be str, bytes or bytearray, '
TypeError: the JSON object must be str, bytes or bytearray, not dict
[2023-10-26T04:47:44.188+0000] {taskinstance.py:1398} INFO - Marking task as UP_FOR_RETRY. dag_id=etl_dag, task_id=load_data, execution_date=20231026T044736, start_date=20231026T044743, end_date=20231026T044744
[2023-10-26T04:47:44.212+0000] {standard_task_runner.py:104} ERROR - Failed to execute job 237 for task load_data (the JSON object must be str, bytes or bytearray, not dict; 1590)
[2023-10-26T04:47:44.259+0000] {local_task_job_runner.py:228} INFO - Task exited with return code 1
[2023-10-26T04:47:44.286+0000] {taskinstance.py:2776} INFO - 0 downstream tasks scheduled from follow-on schedule check
