[2023-10-26T06:49:13.245+0000] {taskinstance.py:1157} INFO - Dependencies all met for dep_context=non-requeueable deps ti=<TaskInstance: etl_dag.transform_data manual__2023-10-26T06:49:08.019900+00:00 [queued]>
[2023-10-26T06:49:13.260+0000] {taskinstance.py:1157} INFO - Dependencies all met for dep_context=requeueable deps ti=<TaskInstance: etl_dag.transform_data manual__2023-10-26T06:49:08.019900+00:00 [queued]>
[2023-10-26T06:49:13.262+0000] {taskinstance.py:1359} INFO - Starting attempt 1 of 3
[2023-10-26T06:49:13.281+0000] {taskinstance.py:1380} INFO - Executing <Task(PythonOperator): transform_data> on 2023-10-26 06:49:08.019900+00:00
[2023-10-26T06:49:13.292+0000] {standard_task_runner.py:57} INFO - Started process 2902 to run task
[2023-10-26T06:49:13.294+0000] {standard_task_runner.py:84} INFO - Running: ['***', 'tasks', 'run', 'etl_dag', 'transform_data', 'manual__2023-10-26T06:49:08.019900+00:00', '--job-id', '407', '--raw', '--subdir', 'DAGS_FOLDER/tugaskel8_dag.py', '--cfg-path', '/tmp/tmp63i51qf5']
[2023-10-26T06:49:13.297+0000] {standard_task_runner.py:85} INFO - Job 407: Subtask transform_data
[2023-10-26T06:49:13.361+0000] {task_command.py:415} INFO - Running <TaskInstance: etl_dag.transform_data manual__2023-10-26T06:49:08.019900+00:00 [running]> on host d73c1ff20372
[2023-10-26T06:49:13.649+0000] {taskinstance.py:1660} INFO - Exporting env vars: AIRFLOW_CTX_DAG_OWNER='kel8' AIRFLOW_CTX_DAG_ID='etl_dag' AIRFLOW_CTX_TASK_ID='transform_data' AIRFLOW_CTX_EXECUTION_DATE='2023-10-26T06:49:08.019900+00:00' AIRFLOW_CTX_TRY_NUMBER='1' AIRFLOW_CTX_DAG_RUN_ID='manual__2023-10-26T06:49:08.019900+00:00'
[2023-10-26T06:49:13.748+0000] {logging_mixin.py:151} INFO -         id  ...                                      manufacturers
0     8320  ...  [{'modelName': 'Government Monitor', 'manufact...
1     8637  ...  [{'modelName': 'Government Monitor', 'manufact...
2  1708264  ...  [{'modelName': 'N/A', 'manufacturerName': 'Ope...
3     2537  ...  [{'modelName': 'Government Monitor', 'manufact...
4     2538  ...  [{'modelName': 'Government Monitor', 'manufact...

[5 rows x 16 columns]
[2023-10-26T06:49:13.862+0000] {python.py:194} INFO - Done. Returned value was: None
[2023-10-26T06:49:13.877+0000] {taskinstance.py:1398} INFO - Marking task as SUCCESS. dag_id=etl_dag, task_id=transform_data, execution_date=20231026T064908, start_date=20231026T064913, end_date=20231026T064913
[2023-10-26T06:49:13.911+0000] {local_task_job_runner.py:228} INFO - Task exited with return code 0
[2023-10-26T06:49:13.938+0000] {taskinstance.py:2776} INFO - 1 downstream tasks scheduled from follow-on schedule check
