[2023-10-26T06:50:36.831+0000] {taskinstance.py:1157} INFO - Dependencies all met for dep_context=non-requeueable deps ti=<TaskInstance: etl_dag.transform_data manual__2023-10-26T06:50:30.902509+00:00 [queued]>
[2023-10-26T06:50:36.852+0000] {taskinstance.py:1157} INFO - Dependencies all met for dep_context=requeueable deps ti=<TaskInstance: etl_dag.transform_data manual__2023-10-26T06:50:30.902509+00:00 [queued]>
[2023-10-26T06:50:36.854+0000] {taskinstance.py:1359} INFO - Starting attempt 1 of 3
[2023-10-26T06:50:36.877+0000] {taskinstance.py:1380} INFO - Executing <Task(PythonOperator): transform_data> on 2023-10-26 06:50:30.902509+00:00
[2023-10-26T06:50:36.888+0000] {standard_task_runner.py:57} INFO - Started process 2950 to run task
[2023-10-26T06:50:36.891+0000] {standard_task_runner.py:84} INFO - Running: ['***', 'tasks', 'run', 'etl_dag', 'transform_data', 'manual__2023-10-26T06:50:30.902509+00:00', '--job-id', '410', '--raw', '--subdir', 'DAGS_FOLDER/tugaskel8_dag.py', '--cfg-path', '/tmp/tmp65vxcd2p']
[2023-10-26T06:50:36.894+0000] {standard_task_runner.py:85} INFO - Job 410: Subtask transform_data
[2023-10-26T06:50:36.963+0000] {task_command.py:415} INFO - Running <TaskInstance: etl_dag.transform_data manual__2023-10-26T06:50:30.902509+00:00 [running]> on host d73c1ff20372
[2023-10-26T06:50:37.326+0000] {taskinstance.py:1660} INFO - Exporting env vars: AIRFLOW_CTX_DAG_OWNER='kel8' AIRFLOW_CTX_DAG_ID='etl_dag' AIRFLOW_CTX_TASK_ID='transform_data' AIRFLOW_CTX_EXECUTION_DATE='2023-10-26T06:50:30.902509+00:00' AIRFLOW_CTX_TRY_NUMBER='1' AIRFLOW_CTX_DAG_RUN_ID='manual__2023-10-26T06:50:30.902509+00:00'
[2023-10-26T06:50:37.412+0000] {logging_mixin.py:151} INFO -         id  ...                                      manufacturers
0     8320  ...  [{'modelName': 'Government Monitor', 'manufact...
1     8637  ...  [{'modelName': 'Government Monitor', 'manufact...
2  1708264  ...  [{'modelName': 'N/A', 'manufacturerName': 'Ope...
3     2537  ...  [{'modelName': 'Government Monitor', 'manufact...
4     2538  ...  [{'modelName': 'Government Monitor', 'manufact...

[5 rows x 16 columns]
[2023-10-26T06:50:37.542+0000] {python.py:194} INFO - Done. Returned value was: None
[2023-10-26T06:50:37.558+0000] {taskinstance.py:1398} INFO - Marking task as SUCCESS. dag_id=etl_dag, task_id=transform_data, execution_date=20231026T065030, start_date=20231026T065036, end_date=20231026T065037
[2023-10-26T06:50:37.627+0000] {local_task_job_runner.py:228} INFO - Task exited with return code 0
[2023-10-26T06:50:37.656+0000] {taskinstance.py:2776} INFO - 1 downstream tasks scheduled from follow-on schedule check
