[2023-10-26T06:09:12.474+0000] {taskinstance.py:1157} INFO - Dependencies all met for dep_context=non-requeueable deps ti=<TaskInstance: etl_dag.create_air_pollution_table manual__2023-10-26T06:09:10.652490+00:00 [queued]>
[2023-10-26T06:09:12.487+0000] {taskinstance.py:1157} INFO - Dependencies all met for dep_context=requeueable deps ti=<TaskInstance: etl_dag.create_air_pollution_table manual__2023-10-26T06:09:10.652490+00:00 [queued]>
[2023-10-26T06:09:12.488+0000] {taskinstance.py:1359} INFO - Starting attempt 1 of 3
[2023-10-26T06:09:12.507+0000] {taskinstance.py:1380} INFO - Executing <Task(PostgresOperator): create_air_pollution_table> on 2023-10-26 06:09:10.652490+00:00
[2023-10-26T06:09:12.516+0000] {standard_task_runner.py:57} INFO - Started process 2038 to run task
[2023-10-26T06:09:12.519+0000] {standard_task_runner.py:84} INFO - Running: ['***', 'tasks', 'run', 'etl_dag', 'create_air_pollution_table', 'manual__2023-10-26T06:09:10.652490+00:00', '--job-id', '381', '--raw', '--subdir', 'DAGS_FOLDER/tugaskel8_dag.py', '--cfg-path', '/tmp/tmp7ujov0_f']
[2023-10-26T06:09:12.521+0000] {standard_task_runner.py:85} INFO - Job 381: Subtask create_air_pollution_table
[2023-10-26T06:09:12.584+0000] {task_command.py:415} INFO - Running <TaskInstance: etl_dag.create_air_pollution_table manual__2023-10-26T06:09:10.652490+00:00 [running]> on host d73c1ff20372
[2023-10-26T06:09:12.896+0000] {taskinstance.py:1660} INFO - Exporting env vars: AIRFLOW_CTX_DAG_OWNER='kel8' AIRFLOW_CTX_DAG_ID='etl_dag' AIRFLOW_CTX_TASK_ID='create_air_pollution_table' AIRFLOW_CTX_EXECUTION_DATE='2023-10-26T06:09:10.652490+00:00' AIRFLOW_CTX_TRY_NUMBER='1' AIRFLOW_CTX_DAG_RUN_ID='manual__2023-10-26T06:09:10.652490+00:00'
[2023-10-26T06:09:12.897+0000] {sql.py:274} INFO - Executing: 
        CREATE TABLE IF NOT EXISTS public.hands_on_final (
            id INTEGER NOT NULL,
            city VARCHAR(100) NOT NULL,
            name VARCHAR(100) NOT NULL,
            entity VARCHAR(100) NULL,
            country VARCHAR(100) NOT NULL,
            sources VARCHAR(100) NULL,
            isMobile BOOLEAN NOT NULL DEFAULT false,
            isAnalysis BOOLEAN NULL,
            parameters JSONB NULL,
            sensorType VARCHAR(100) NULL,
            coordinates JSONB NULL,
            firstUpdated VARCHAR(100) NOT NULL,
            lastUpdated VARCHAR(100) NOT NULL,
            measurements INTEGER NOT NULL,
            bounds JSONB NULL,
            manufacturers JSONB NULL
        );
    
[2023-10-26T06:09:12.908+0000] {base.py:73} INFO - Using connection ID 'db_polusiudara' for task execution.
[2023-10-26T06:09:12.919+0000] {base.py:73} INFO - Using connection ID 'db_polusiudara' for task execution.
[2023-10-26T06:09:13.641+0000] {sql.py:418} INFO - Running statement: 
        CREATE TABLE IF NOT EXISTS public.hands_on_final (
            id INTEGER NOT NULL,
            city VARCHAR(100) NOT NULL,
            name VARCHAR(100) NOT NULL,
            entity VARCHAR(100) NULL,
            country VARCHAR(100) NOT NULL,
            sources VARCHAR(100) NULL,
            isMobile BOOLEAN NOT NULL DEFAULT false,
            isAnalysis BOOLEAN NULL,
            parameters JSONB NULL,
            sensorType VARCHAR(100) NULL,
            coordinates JSONB NULL,
            firstUpdated VARCHAR(100) NOT NULL,
            lastUpdated VARCHAR(100) NOT NULL,
            measurements INTEGER NOT NULL,
            bounds JSONB NULL,
            manufacturers JSONB NULL
        );
    , parameters: None
[2023-10-26T06:09:13.724+0000] {taskinstance.py:1398} INFO - Marking task as SUCCESS. dag_id=etl_dag, task_id=create_air_pollution_table, execution_date=20231026T060910, start_date=20231026T060912, end_date=20231026T060913
[2023-10-26T06:09:13.778+0000] {local_task_job_runner.py:228} INFO - Task exited with return code 0
[2023-10-26T06:09:13.812+0000] {taskinstance.py:2776} INFO - 1 downstream tasks scheduled from follow-on schedule check
